<?xml version="1.0" encoding="UTF-8"?>
<!-- Generated by org.testng.reporters.JUnitReportReporter -->
<testsuite skipped="0" hostname="DESKTOP-E1I6S0F" name="com.staysTestRunner.InvalidFourthPageRunner" tests="4" failures="0" timestamp="2020-12-29T10:00:57 IST" time="41.463" errors="0">
  <testcase name="invalidMobile" time="2.859" classname="com.staysTestRunner.InvalidFourthPageRunner"/>
  <system-out/>
  <testcase name="onlyfName" time="0.831" classname="com.staysTestRunner.InvalidFourthPageRunner"/>
  <system-out/>
  <testcase name="emptyField" time="6.779" classname="com.staysTestRunner.InvalidFourthPageRunner"/>
  <system-out/>
  <testcase name="goesTillFourthPage" time="30.994" classname="com.staysTestRunner.InvalidFourthPageRunner"/>
  <system-out/>
</testsuite> <!-- com.staysTestRunner.InvalidFourthPageRunner -->
