<?xml version="1.0" encoding="UTF-8"?>
<!-- Generated by org.testng.reporters.JUnitReportReporter -->
<testsuite skipped="0" hostname="DESKTOP-E1I6S0F" name="com.staysTestRunner.StaysRunner" tests="4" failures="0" timestamp="2020-12-29T10:00:57 IST" time="32.854" errors="0">
  <testcase name="staysFirstPage" time="14.209" classname="com.staysTestRunner.StaysRunner"/>
  <system-out/>
  <testcase name="staysFourthPage" time="3.852" classname="com.staysTestRunner.StaysRunner"/>
  <system-out/>
  <testcase name="staysSecondPage" time="11.641" classname="com.staysTestRunner.StaysRunner"/>
  <system-out/>
  <testcase name="staysThirdPage" time="3.152" classname="com.staysTestRunner.StaysRunner"/>
  <system-out/>
</testsuite> <!-- com.staysTestRunner.StaysRunner -->
