<?xml version="1.0" encoding="UTF-8"?>
<!-- Generated by org.testng.reporters.JUnitReportReporter -->
<testsuite skipped="0" hostname="DESKTOP-E1I6S0F" name="com.staysTestRunner.InvalidFirstPageRunner" tests="2" failures="0" timestamp="2020-12-29T10:00:57 IST" time="18.399" errors="0">
  <testcase name="emptyCityInvalid" time="12.696" classname="com.staysTestRunner.InvalidFirstPageRunner"/>
  <system-out/>
  <testcase name="inputCityInvalid" time="5.703" classname="com.staysTestRunner.InvalidFirstPageRunner"/>
  <system-out/>
</testsuite> <!-- com.staysTestRunner.InvalidFirstPageRunner -->
