<?xml version="1.0" encoding="UTF-8"?>
<!-- Generated by org.testng.reporters.JUnitReportReporter -->
<testsuite skipped="0" hostname="DESKTOP-E1I6S0F" name="com.cleartrip.flightTestRunner.FlightSearchTest" tests="1" failures="0" timestamp="2020-12-21T17:28:20 IST" time="26.538" errors="0">
  <testcase name="flightSearchForm" time="26.538" classname="com.cleartrip.flightTestRunner.FlightSearchTest"/>
  <system-out/>
</testsuite> <!-- com.cleartrip.flightTestRunner.FlightSearchTest -->
