<?xml version="1.0" encoding="UTF-8"?>
<!-- Generated by org.testng.reporters.JUnitReportReporter -->
<testsuite skipped="0" hostname="DESKTOP-E1I6S0F" name="com.staysTestRunner.InvalidFirstPageRunner" tests="2" failures="0" timestamp="29 Dec 2020 05:19:58 GMT" time="24.863" errors="0">
  <testcase name="emptyCityInvalid" time="17.797" classname="com.staysTestRunner.InvalidFirstPageRunner"/>
  <testcase name="inputCityInvalid" time="7.066" classname="com.staysTestRunner.InvalidFirstPageRunner"/>
</testsuite> <!-- com.staysTestRunner.InvalidFirstPageRunner -->
