<?xml version="1.0" encoding="UTF-8"?>
<!-- Generated by org.testng.reporters.JUnitReportReporter -->
<testsuite skipped="0" hostname="DESKTOP-E1I6S0F" name="com.staysTestRunner.StaysRunner" tests="4" failures="0" timestamp="29 Dec 2020 05:19:58 GMT" time="38.653" errors="0">
  <testcase name="staysThirdPage" time="3.114" classname="com.staysTestRunner.StaysRunner"/>
  <testcase name="staysFourthPage" time="5.827" classname="com.staysTestRunner.StaysRunner"/>
  <testcase name="staysFirstPage" time="22.699" classname="com.staysTestRunner.StaysRunner"/>
  <testcase name="staysSecondPage" time="7.013" classname="com.staysTestRunner.StaysRunner"/>
</testsuite> <!-- com.staysTestRunner.StaysRunner -->
